C51 COMPILER V9.56.0.0   BUZZER                                                            01/26/2018 20:26:53 PAGE 1   


C51 COMPILER V9.56.0.0, COMPILATION OF MODULE BUZZER
OBJECT MODULE PLACED IN .\Objects\Buzzer.obj
COMPILER INVOKED BY: D:\Keil_v5\C51\BIN\C51.EXE Driver\Buzzer.c LARGE OPTIMIZE(8,SPEED) BROWSE DEBUG OBJECTEXTEND PRINT(
                    -.\Listings\Buzzer.lst) TABS(2) OBJECT(.\Objects\Buzzer.obj)

line level    source

   1          #include "Buzzer.h"
   2          
   3          bit Buzz_flag = 0;
   4          /*========================================================================*/
   5          /*函数名称:void BuzzerControl()
   6          /*函数功能:蜂鸣器控制
   7          /*输入参数:无
   8          /*输出参数:无
   9          /*========================================================================*/
  10          void BuzzerControl()
  11          {
  12   1        if(Buzz_flag == 1)
  13   1        {
  14   2          Buzz = 1;
  15   2          Delay100us();
  16   2          Buzz = 0;
  17   2        }
  18   1        else if(Buzz_flag == 0)
  19   1        {
  20   2          Buzz = 1;
  21   2        }
  22   1      }
  23          
  24          /*========================================================================*/
  25          /*函数名称:void Delay_100us()
  26          /*函数功能:延时100us
  27          /*输入参数:无
  28          /*输出参数:无
  29          /*========================================================================*/
  30          void Delay100us()   //@12.000MHz
  31          {
  32   1        unsigned char i, j;
  33   1      
  34   1        i = 2;
  35   1        j = 39;
  36   1        do
  37   1        {
  38   2          while (--j);
  39   2        } while (--i);
  40   1      }
  41          /*========================================================================*/
  42          /*函数名称:void Delay100ms()
  43          /*函数功能:延时100ms
  44          /*输入参数:无
  45          /*输出参数:无
  46          /*========================================================================*/
  47          void Delay100ms()   //@20.000MHz
  48          {
  49   1        unsigned char i, j, k;
  50   1      
  51   1        _nop_();
  52   1        _nop_();
  53   1        i = 8;
  54   1        j = 154;
C51 COMPILER V9.56.0.0   BUZZER                                                            01/26/2018 20:26:53 PAGE 2   

  55   1        k = 122;
  56   1        do
  57   1        {
  58   2          do
  59   2          {
  60   3            while (--k);
  61   3          } while (--j);
  62   2        } while (--i);
  63   1      }


MODULE INFORMATION:   STATIC OVERLAYABLE
   CODE SIZE        =     41    ----
   CONSTANT SIZE    =   ----    ----
   XDATA SIZE       =   ----    ----
   PDATA SIZE       =   ----    ----
   DATA SIZE        =   ----    ----
   IDATA SIZE       =   ----    ----
   BIT SIZE         =      1    ----
END OF MODULE INFORMATION.


C51 COMPILATION COMPLETE.  0 WARNING(S),  0 ERROR(S)
