C51 COMPILER V9.56.0.0   MAIN                                                              01/26/2018 20:26:52 PAGE 1   


C51 COMPILER V9.56.0.0, COMPILATION OF MODULE MAIN
OBJECT MODULE PLACED IN .\Objects\main.obj
COMPILER INVOKED BY: D:\Keil_v5\C51\BIN\C51.EXE App\main.c LARGE OPTIMIZE(8,SPEED) BROWSE DEBUG OBJECTEXTEND PRINT(.\Lis
                    -tings\main.lst) TABS(2) OBJECT(.\Objects\main.obj)

line level    source

   1          /*=================================================*/
   2          /*项目名称: 51单片机计算器
   3          /*代码作者: F H X
   4          /*修改时间: 2017/12/20
   5          /*联系方式: 374454765@qq.com
   6          /*=================================================*/
   7          #include "Config.h"
   8          
   9          uchar T0RH = 0;                                  //定时器0重载值
  10          uchar T0RL = 0;
  11          
  12          extern bit Buzz_flag;                            //蜂鸣器开关标志
  13          /*========================================================================*/
  14          /*函数名称:void main()
  15          /*函数功能:主函数
  16          /*输入参数:无
  17          /*输出参数:无
  18          /*========================================================================*/
  19          void main()
  20          {
  21   1        EA=1;                                          //开启总中断
  22   1        Timer0Init(2);                                 //定时器0初始化 定时2ms
  23   1        InitLcd1602();                                 //LCD1602初始化
  24   1        
  25   1        while(1)
  26   1        { 
  27   2          KeyDrive();                                  //矩阵键盘驱动
  28   2          KeyDrive2();                                 //独立键盘驱动
  29   2        }
  30   1      }
  31          /*========================================================================*/
  32          /*函数名称:void KeyDown(uchar keycode)
  33          /*函数功能:执行按键动作
  34          /*输入参数:keycode
  35          /*输出参数:无
  36          /*========================================================================*/
  37          void KeyDown(uchar keycode)
  38          {
  39   1        if((keycode <= 0x39)&&(keycode >= 0x30))           //数字键0~9
  40   1        {
  41   2          BuzzerControl();
  42   2          NumAction(keycode - 0x30);
  43   2        }
  44   1        else if(keycode == 0x26)                           //"+"号
  45   1        {
  46   2          BuzzerControl();
  47   2          OprAction(0);
  48   2        }
  49   1        else if(keycode == 0x25)                           //"-"号
  50   1        {
  51   2          BuzzerControl();
  52   2          OprAction(1);
  53   2        }
  54   1        else if(keycode == 0x28)                           //"×"号
C51 COMPILER V9.56.0.0   MAIN                                                              01/26/2018 20:26:52 PAGE 2   

  55   1        {
  56   2          BuzzerControl();
  57   2          OprAction(2);
  58   2        }
  59   1        else if(keycode == 0x27)                           //"÷"号
  60   1        {
  61   2          BuzzerControl();
  62   2          OprAction(3);
  63   2        }
  64   1        else if(keycode == 0x0D)                           //"="号
  65   1        {
  66   2          BuzzerControl();
  67   2          GetResult();
  68   2        }
  69   1        else if(keycode == 0x1B)                           //小数点 '.'
  70   1        {
  71   2          BuzzerControl();
  72   2          DecimalAction();
  73   2        }
  74   1        else if(keycode == 0x01)                           //复位键
  75   1        {
  76   2          BuzzerControl();
  77   2          Reset();
  78   2        }
  79   1        else if(keycode == 0x02)                           //乘方运算                   
  80   1        {
  81   2          BuzzerControl();
  82   2          OprAction(4); 
  83   2        }
  84   1        else if(keycode == 0x03)                           //从24c02读取运算结果
  85   1        {
  86   2          BuzzerControl();
  87   2          Read_Result();                               
  88   2        }
  89   1        else if(keycode == 0x04)                           //开关蜂鸣器声音
  90   1        {
  91   2          Buzz_flag = ~Buzz_flag;
  92   2        }
  93   1      }
  94          /*========================================================================*/
  95          /*函数名称:void Timer0Init(uint ms)
  96          /*函数功能:定时器0初始化
  97          /*输入参数:ms
  98          /*输出参数:无
  99          /*========================================================================*/
 100          void Timer0Init(uint ms)
 101          {
 102   1        ulong tmp;                                //16位长整型变量tmp
 103   1        tmp = MAIN_OSC/12;                        //用晶振频率除以12得到定时器计数频率
 104   1        tmp = (tmp*ms)/1000;                      //计算出需要多少个机器周期
 105   1        tmp = 65536 - tmp;                        //定时器的初始值
 106   1        tmp = tmp + 18;                           //补偿中断延时响应造成的误差
 107   1        T0RH = (uchar)(tmp>>8);                   //将tmp高8位右移8位 赋值给T0RH
 108   1        T0RL = (uchar)tmp;                        //将tmp低8位赋值给T0RL
 109   1        TMOD &= 0xF0;                             //TMOD高4位不变 低四位清零
 110   1        TMOD |= 0x01;                             //TMOD低四位变成0001
 111   1        TH0 = T0RH;                               //装载初值
 112   1        TL0 = T0RL;
 113   1        ET0 = 1;                                  //开启定时器0中断          
 114   1        TR0 = 1;                                  //开启定时器0
 115   1      }
 116          /*========================================================================*/
C51 COMPILER V9.56.0.0   MAIN                                                              01/26/2018 20:26:52 PAGE 3   

 117          /*函数名称:void InterruptTimer0() interrupt 1
 118          /*函数功能:定时器0中断服务
 119          /*输入参数:无
 120          /*输出参数:无
 121          /*========================================================================*/
 122          void InterruptTimer0() interrupt 1
 123          {
 124   1        TH0 = T0RH;                               //重载初值
 125   1        TL0 = T0RL;
 126   1        KeyScan();                               //矩阵按键扫描
 127   1        KeyScan2();                              //独立按键扫描
 128   1      }


MODULE INFORMATION:   STATIC OVERLAYABLE
   CODE SIZE        =    429    ----
   CONSTANT SIZE    =   ----    ----
   XDATA SIZE       =      2       5
   PDATA SIZE       =   ----    ----
   DATA SIZE        =   ----    ----
   IDATA SIZE       =   ----    ----
   BIT SIZE         =   ----    ----
END OF MODULE INFORMATION.


C51 COMPILATION COMPLETE.  0 WARNING(S),  0 ERROR(S)
