C51 COMPILER V9.56.0.0   STRING                                                            12/20/2017 12:08:07 PAGE 1   


C51 COMPILER V9.56.0.0, COMPILATION OF MODULE STRING
OBJECT MODULE PLACED IN .\Objects\String.obj
COMPILER INVOKED BY: D:\Keil_v5\C51\BIN\C51.EXE String.c LARGE OPTIMIZE(8,SPEED) BROWSE DEBUG OBJECTEXTEND PRINT(.\Listi
                    -ngs\String.lst) TABS(2) OBJECT(.\Objects\String.obj)

line level    source

   1          #include "String.h"
   2          #include "stdio.h"
   3          #include "stdlib.h"
   4          
   5          /*========================================================================*/
   6          /*函数名称:uchar LongToString(uchar *str,float dat)
   7          /*函数功能:长整型转为字符串
   8          /*输入参数:字符串*str 长整型数dat
   9          /*输出参数:字符串长度len
  10          /*========================================================================*/
  11          uchar LongToString(uchar *str,float dat)
  12          {
  13   1        uchar len;
  14   1        
  15   1        sprintf(str,"%10ld",(long int)dat);
  16   1        len = sprintf(str,"%10ld",(long int)dat);
  17   1        
  18   1        return len;                                  //返回len
  19   1      }
  20          
  21          /*========================================================================*/
  22          /*函数名称:uchar FloatToString(uchar *str,float dat)
  23          /*函数功能:浮点型转为字符串
  24          /*输入参数:字符串*str 浮点型数dat
  25          /*输出参数:字符串长度len
  26          /*========================================================================*/
  27          uchar FloatToString(uchar *str,float dat)
  28          {
  29   1        uchar len;
  30   1        
  31   1        sprintf(str,"%5.5f",dat);
  32   1        
  33   1        len = sprintf(str,"%5.5f",dat);
  34   1        
  35   1        while(len-- > 0)                              //去除末尾多余的 0
  36   1        {
  37   2          if(str[len] != '0')
  38   2          {
  39   3            break;
  40   3          }
  41   2        }
  42   1        
  43   1        len = len + 1;
  44   1        return len;
  45   1      }
  46          
  47          /*========================================================================*/
  48          /*函数名称:float StringToFloat(uchar *buf)
  49          /*函数功能:字符转为浮点数
  50          /*输入参数:字符数组 buf
  51          /*输出参数:浮点数 num
  52          /*========================================================================*/
  53          float StringToFloat(uchar *buf)
  54          { 
C51 COMPILER V9.56.0.0   STRING                                                            12/20/2017 12:08:07 PAGE 2   

  55   1        float num;
  56   1        
  57   1        num = atof(buf);
  58   1        
  59   1        return num;
  60   1      }


MODULE INFORMATION:   STATIC OVERLAYABLE
   CODE SIZE        =    261    ----
   CONSTANT SIZE    =     12    ----
   XDATA SIZE       =   ----      14
   PDATA SIZE       =   ----    ----
   DATA SIZE        =   ----    ----
   IDATA SIZE       =   ----    ----
   BIT SIZE         =   ----    ----
END OF MODULE INFORMATION.


C51 COMPILATION COMPLETE.  0 WARNING(S),  0 ERROR(S)
